<?xml version="1.0" encoding="UTF-8"?>
<testsuite name="com.example.api.ApiApplicationTests" tests="1" skipped="0" failures="0" errors="0" timestamp="2022-03-23T00:50:26" hostname="1057411afb2d" time="2.005">
  <properties/>
  <testcase name="contextLoads()" classname="com.example.api.ApiApplicationTests" time="2.005"/>
  <system-out><![CDATA[00:50:16.890 [Test worker] DEBUG org.springframework.test.context.BootstrapUtils - Instantiating CacheAwareContextLoaderDelegate from class [org.springframework.test.context.cache.DefaultCacheAwareContextLoaderDelegate]
00:50:16.969 [Test worker] DEBUG org.springframework.test.context.BootstrapUtils - Instantiating BootstrapContext using constructor [public org.springframework.test.context.support.DefaultBootstrapContext(java.lang.Class,org.springframework.test.context.CacheAwareContextLoaderDelegate)]
00:50:17.103 [Test worker] DEBUG org.springframework.test.context.BootstrapUtils - Instantiating TestContextBootstrapper for test class [com.example.api.ApiApplicationTests] from class [org.springframework.boot.test.context.SpringBootTestContextBootstrapper]
00:50:17.172 [Test worker] INFO org.springframework.boot.test.context.SpringBootTestContextBootstrapper - Neither @ContextConfiguration nor @ContextHierarchy found for test class [com.example.api.ApiApplicationTests], using SpringBootContextLoader
00:50:17.194 [Test worker] DEBUG org.springframework.test.context.support.AbstractContextLoader - Did not detect default resource location for test class [com.example.api.ApiApplicationTests]: class path resource [com/example/api/ApiApplicationTests-context.xml] does not exist
00:50:17.196 [Test worker] DEBUG org.springframework.test.context.support.AbstractContextLoader - Did not detect default resource location for test class [com.example.api.ApiApplicationTests]: class path resource [com/example/api/ApiApplicationTestsContext.groovy] does not exist
00:50:17.197 [Test worker] INFO org.springframework.test.context.support.AbstractContextLoader - Could not detect default resource locations for test class [com.example.api.ApiApplicationTests]: no resource found for suffixes {-context.xml, Context.groovy}.
00:50:17.199 [Test worker] INFO org.springframework.test.context.support.AnnotationConfigContextLoaderUtils - Could not detect default configuration classes for test class [com.example.api.ApiApplicationTests]: ApiApplicationTests does not declare any static, non-private, non-final, nested classes annotated with @Configuration.
00:50:17.390 [Test worker] DEBUG org.springframework.test.context.support.ActiveProfilesUtils - Could not find an 'annotation declaring class' for annotation type [org.springframework.test.context.ActiveProfiles] and class [com.example.api.ApiApplicationTests]
00:50:17.630 [Test worker] DEBUG org.springframework.context.annotation.ClassPathScanningCandidateComponentProvider - Identified candidate component class: file [/srv/build/classes/java/main/com/example/api/ApiApplication.class]
00:50:17.632 [Test worker] INFO org.springframework.boot.test.context.SpringBootTestContextBootstrapper - Found @SpringBootConfiguration com.example.api.ApiApplication for test class com.example.api.ApiApplicationTests
00:50:18.141 [Test worker] DEBUG org.springframework.boot.test.context.SpringBootTestContextBootstrapper - @TestExecutionListeners is not present for class [com.example.api.ApiApplicationTests]: using defaults.
00:50:18.144 [Test worker] INFO org.springframework.boot.test.context.SpringBootTestContextBootstrapper - Loaded default TestExecutionListener class names from location [META-INF/spring.factories]: [org.springframework.boot.test.autoconfigure.restdocs.RestDocsTestExecutionListener, org.springframework.boot.test.autoconfigure.web.client.MockRestServiceServerResetTestExecutionListener, org.springframework.boot.test.autoconfigure.web.servlet.MockMvcPrintOnlyOnFailureTestExecutionListener, org.springframework.boot.test.autoconfigure.web.servlet.WebDriverTestExecutionListener, org.springframework.boot.test.autoconfigure.webservices.client.MockWebServiceServerTestExecutionListener, org.springframework.boot.test.mock.mockito.MockitoTestExecutionListener, org.springframework.boot.test.mock.mockito.ResetMocksTestExecutionListener, org.springframework.test.context.web.ServletTestExecutionListener, org.springframework.test.context.support.DirtiesContextBeforeModesTestExecutionListener, org.springframework.test.context.event.ApplicationEventsTestExecutionListener, org.springframework.test.context.support.DependencyInjectionTestExecutionListener, org.springframework.test.context.support.DirtiesContextTestExecutionListener, org.springframework.test.context.transaction.TransactionalTestExecutionListener, org.springframework.test.context.jdbc.SqlScriptsTestExecutionListener, org.springframework.test.context.event.EventPublishingTestExecutionListener]
00:50:18.212 [Test worker] DEBUG org.springframework.boot.test.context.SpringBootTestContextBootstrapper - Skipping candidate TestExecutionListener [org.springframework.test.context.transaction.TransactionalTestExecutionListener] due to a missing dependency. Specify custom listener classes or make the default listener classes and their required dependencies available. Offending class: [org/springframework/transaction/interceptor/TransactionAttributeSource]
00:50:18.215 [Test worker] DEBUG org.springframework.boot.test.context.SpringBootTestContextBootstrapper - Skipping candidate TestExecutionListener [org.springframework.test.context.jdbc.SqlScriptsTestExecutionListener] due to a missing dependency. Specify custom listener classes or make the default listener classes and their required dependencies available. Offending class: [org/springframework/transaction/interceptor/TransactionAttribute]
00:50:18.215 [Test worker] INFO org.springframework.boot.test.context.SpringBootTestContextBootstrapper - Using TestExecutionListeners: [org.springframework.test.context.web.ServletTestExecutionListener@34997338, org.springframework.test.context.support.DirtiesContextBeforeModesTestExecutionListener@57eda880, org.springframework.test.context.event.ApplicationEventsTestExecutionListener@2b5825fa, org.springframework.boot.test.mock.mockito.MockitoTestExecutionListener@53d1b9b3, org.springframework.boot.test.autoconfigure.SpringBootDependencyInjectionTestExecutionListener@2cae1042, org.springframework.test.context.support.DirtiesContextTestExecutionListener@163d04ff, org.springframework.test.context.event.EventPublishingTestExecutionListener@7c209437, org.springframework.boot.test.autoconfigure.restdocs.RestDocsTestExecutionListener@2262b621, org.springframework.boot.test.autoconfigure.web.client.MockRestServiceServerResetTestExecutionListener@7e928e2f, org.springframework.boot.test.autoconfigure.web.servlet.MockMvcPrintOnlyOnFailureTestExecutionListener@f667fe, org.springframework.boot.test.autoconfigure.web.servlet.WebDriverTestExecutionListener@788fcafb, org.springframework.boot.test.autoconfigure.webservices.client.MockWebServiceServerTestExecutionListener@4febb875, org.springframework.boot.test.mock.mockito.ResetMocksTestExecutionListener@25e2a451]
00:50:18.234 [Test worker] DEBUG org.springframework.test.context.support.AbstractDirtiesContextTestExecutionListener - Before test class: context [DefaultTestContext@338494fa testClass = ApiApplicationTests, testInstance = [null], testMethod = [null], testException = [null], mergedContextConfiguration = [WebMergedContextConfiguration@505a9d7c testClass = ApiApplicationTests, locations = '{}', classes = '{class com.example.api.ApiApplication}', contextInitializerClasses = '[]', activeProfiles = '{}', propertySourceLocations = '{}', propertySourceProperties = '{org.springframework.boot.test.context.SpringBootTestContextBootstrapper=true}', contextCustomizers = set[org.springframework.boot.test.autoconfigure.actuate.metrics.MetricsExportContextCustomizerFactory$DisableMetricExportContextCustomizer@7fbdb894, org.springframework.boot.test.autoconfigure.properties.PropertyMappingContextCustomizer@0, org.springframework.boot.test.autoconfigure.web.servlet.WebDriverContextCustomizerFactory$Customizer@8e50104, org.springframework.boot.test.context.filter.ExcludeFilterContextCustomizer@45a37759, org.springframework.boot.test.json.DuplicateJsonObjectContextCustomizerFactory$DuplicateJsonObjectContextCustomizer@2d778add, org.springframework.boot.test.mock.mockito.MockitoContextCustomizer@0, org.springframework.boot.test.web.client.TestRestTemplateContextCustomizer@71e9ebae, org.springframework.boot.test.context.SpringBootTestArgs@1, org.springframework.boot.test.context.SpringBootTestWebEnvironment@43c1b556], resourceBasePath = 'src/main/webapp', contextLoader = 'org.springframework.boot.test.context.SpringBootContextLoader', parent = [null]], attributes = map['org.springframework.test.context.web.ServletTestExecutionListener.activateListener' -> true]], class annotated with @DirtiesContext [false] with mode [null].

  .   ____          _            __ _ _
 /\\ / ___'_ __ _ _(_)_ __  __ _ \ \ \ \
( ( )\___ | '_ | '_| | '_ \/ _` | \ \ \ \
 \\/  ___)| |_)| | | | | || (_| |  ) ) ) )
  '  |____| .__|_| |_|_| |_\__, | / / / /
 =========|_|==============|___/=/_/_/_/
 :: Spring Boot ::                (v2.6.4)

2022-03-23 00:50:19.588  INFO 622 --- [    Test worker] com.example.api.ApiApplicationTests      : Starting ApiApplicationTests using Java 17.0.2 on 1057411afb2d with PID 622 (started by root in /srv)
2022-03-23 00:50:19.594  INFO 622 --- [    Test worker] com.example.api.ApiApplicationTests      : No active profile set, falling back to 1 default profile: "default"
2022-03-23 00:50:24.690  INFO 622 --- [    Test worker] o.s.b.a.w.s.WelcomePageHandlerMapping    : Adding welcome page template: index
2022-03-23 00:50:26.106  INFO 622 --- [    Test worker] com.example.api.ApiApplicationTests      : Started ApiApplicationTests in 7.686 seconds (JVM running for 10.537)
]]></system-out>
  <system-err><![CDATA[]]></system-err>
</testsuite>
